<?xml version="1.0" encoding="UTF-8"?>
<coverage generated="1638555536979" clover="3.2.0">
  <project timestamp="1638555536979" name="All files">
    <metrics statements="7" coveredstatements="1" conditionals="6" coveredconditionals="0" methods="2" coveredmethods="1" elements="15" coveredelements="2" complexity="0" loc="7" ncloc="7" packages="1" files="2" classes="2"/>
    <file name="coverage.ts" path="/Users/mathieugrondin/repos/jest-playground/src/coverage.ts">
      <metrics statements="6" coveredstatements="0" conditionals="6" coveredconditionals="0" methods="1" coveredmethods="0"/>
      <line num="13" count="0" type="cond" truecount="0" falsecount="2"/>
      <line num="14" count="0" type="stmt"/>
      <line num="17" count="0" type="cond" truecount="0" falsecount="4"/>
      <line num="19" count="0" type="stmt"/>
      <line num="23" count="0" type="stmt"/>
      <line num="27" count="0" type="stmt"/>
    </file>
    <file name="helloJest.ts" path="/Users/mathieugrondin/repos/jest-playground/src/helloJest.ts">
      <metrics statements="1" coveredstatements="1" conditionals="0" coveredconditionals="0" methods="1" coveredmethods="1"/>
      <line num="2" count="2" type="stmt"/>
    </file>
  </project>
</coverage>
