{"/Users/mathieugrondin/repos/jest-playground/src/coverage.ts": {"path":"/Users/mathieugrondin/repos/jest-playground/src/coverage.ts","statementMap":{"0":{"start":{"line":13,"column":2},"end":{"line":15,"column":3}},"1":{"start":{"line":14,"column":4},"end":{"line":14,"column":20}},"2":{"start":{"line":17,"column":2},"end":{"line":28,"column":3}},"3":{"start":{"line":19,"column":24},"end":{"line":22,"column":5}},"4":{"start":{"line":23,"column":28},"end":{"line":26,"column":5}},"5":{"start":{"line":27,"column":13},"end":{"line":27,"column":49}}},"fnMap":{"0":{"name":"bikeFactory","decl":{"start":{"line":12,"column":16},"end":{"line":12,"column":27}},"loc":{"start":{"line":12,"column":70},"end":{"line":29,"column":1}},"line":12}},"branchMap":{"0":{"loc":{"start":{"line":13,"column":2},"end":{"line":15,"column":3}},"type":"if","locations":[{"start":{"line":13,"column":2},"end":{"line":15,"column":3}},{"start":{},"end":{}}],"line":13},"1":{"loc":{"start":{"line":17,"column":2},"end":{"line":28,"column":3}},"type":"switch","locations":[{"start":{"line":18,"column":4},"end":{"line":18,"column":25}},{"start":{"line":19,"column":4},"end":{"line":22,"column":5}},{"start":{"line":23,"column":4},"end":{"line":26,"column":5}},{"start":{"line":27,"column":4},"end":{"line":27,"column":49}}],"line":17}},"s":{"0":0,"1":0,"2":0,"3":0,"4":0,"5":0},"f":{"0":0},"b":{"0":[0,0],"1":[0,0,0,0]},"_coverageSchema":"1a1c01bbd47fc00a2c39e90264f33305004495a9","hash":"25c3440a348519e16dfb3c667175b7ac233cf77d"}
,"/Users/mathieugrondin/repos/jest-playground/src/helloJest.ts": {"path":"/Users/mathieugrondin/repos/jest-playground/src/helloJest.ts","statementMap":{"0":{"start":{"line":2,"column":2},"end":{"line":2,"column":35}}},"fnMap":{"0":{"name":"helloJest","decl":{"start":{"line":1,"column":16},"end":{"line":1,"column":25}},"loc":{"start":{"line":1,"column":39},"end":{"line":3,"column":1}},"line":1}},"branchMap":{},"s":{"0":2},"f":{"0":2},"b":{},"_coverageSchema":"1a1c01bbd47fc00a2c39e90264f33305004495a9","hash":"ac7b622c7fb4e8c630ac2cd4e73b503a79f6ee62"}
}
